<?xml version="1.0" encoding="UTF-8"?>
<!-- Generated by org.testng.reporters.JUnitXMLReporter -->
<testsuite ignored="9" hostname="VAIO" failures="1" tests="1" name="Regression" time="75.467" errors="0" timestamp="15 Jan 2020 14:05:57 GMT">
  <testcase classname="selenium.framework.testsuite.herokuapp.ChallengingDomPage" name="challengingDomPageLoad" time="42.161">
    <failure type="java.lang.NoClassDefFoundError" message="javax/xml/bind/JAXBException">
      <![CDATA[java.lang.NoClassDefFoundError: javax/xml/bind/JAXBException
at io.restassured.config.ObjectMapperConfig.<init>(ObjectMapperConfig.java:49)
at io.restassured.config.RestAssuredConfig.<init>(RestAssuredConfig.java:41)
at io.restassured.RestAssured.<clinit>(RestAssured.java:420)
at selenium.framework.testsuite.herokuapp.ChallengingDomPage.challengingDomPageLoad(ChallengingDomPage.java:281)
Caused by: java.lang.ClassNotFoundException: javax.xml.bind.JAXBException
at java.base/jdk.internal.loader.BuiltinClassLoader.loadClass(BuiltinClassLoader.java:602)
at java.base/jdk.internal.loader.ClassLoaders$AppClassLoader.loadClass(ClassLoaders.java:178)
at java.base/java.lang.ClassLoader.loadClass(ClassLoader.java:521)
... 29 more
... Removed 25 stack frames]]>
    </failure>
  </testcase> <!-- challengingDomPageLoad -->
  <testcase classname="selenium.framework.testsuite.herokuapp.ChallengingDomPage" name="verifyEditLinkUnderActionColumn" time="0.0">
    <ignored/>
  </testcase> <!-- verifyEditLinkUnderActionColumn -->
  <testcase classname="selenium.framework.testsuite.herokuapp.ChallengingDomPage" name="verifyGreenButton" time="0.0">
    <ignored/>
  </testcase> <!-- verifyGreenButton -->
  <testcase classname="selenium.framework.testsuite.herokuapp.ChallengingDomPage" name="verifychallengingDomUI" time="0.0">
    <ignored/>
  </testcase> <!-- verifychallengingDomUI -->
  <testcase classname="selenium.framework.testsuite.herokuapp.ChallengingDomPage" name="verifyDeleteLinkUnderActionColumn" time="0.0">
    <ignored/>
  </testcase> <!-- verifyDeleteLinkUnderActionColumn -->
  <testcase classname="selenium.framework.testsuite.herokuapp.ChallengingDomPage" name="verifyBlueButton" time="0.0">
    <ignored/>
  </testcase> <!-- verifyBlueButton -->
  <testcase classname="selenium.framework.testsuite.herokuapp.ChallengingDomPage" name="verifyContentsOfTable" time="0.0">
    <ignored/>
  </testcase> <!-- verifyContentsOfTable -->
  <testcase classname="selenium.framework.testsuite.herokuapp.ChallengingDomPage" name="verifyGreenBannerForkMeOnGitHub" time="0.0">
    <ignored/>
  </testcase> <!-- verifyGreenBannerForkMeOnGitHub -->
  <testcase classname="selenium.framework.testsuite.herokuapp.ChallengingDomPage" name="verifyPoweredByElementalSelenium" time="0.0">
    <ignored/>
  </testcase> <!-- verifyPoweredByElementalSelenium -->
  <testcase classname="selenium.framework.testsuite.herokuapp.ChallengingDomPage" name="verifyRedButton" time="0.0">
    <ignored/>
  </testcase> <!-- verifyRedButton -->
</testsuite> <!-- Regression -->
